{"name":"hexo","hostname":"LAPTOP-0U1MMVQH","pid":4732,"level":20,"msg":"Hexo version: \u001b[35m3.5.0\u001b[39m","time":"2018-02-17T06:39:23.839Z","v":0}
{"name":"hexo","hostname":"LAPTOP-0U1MMVQH","pid":4732,"level":20,"msg":"Working directory: \u001b[35mD:\\hexo\\hexo\\\u001b[39m","time":"2018-02-17T06:39:23.842Z","v":0}
{"name":"hexo","hostname":"LAPTOP-0U1MMVQH","pid":4732,"level":20,"msg":"Config loaded: \u001b[35mD:\\hexo\\hexo\\_config.yml\u001b[39m","time":"2018-02-17T06:39:24.145Z","v":0}
{"name":"hexo","hostname":"LAPTOP-0U1MMVQH","pid":4732,"level":20,"msg":"Plugin loaded: \u001b[35mhexo-algolia\u001b[39m","time":"2018-02-17T06:39:24.253Z","v":0}
{"name":"hexo","hostname":"LAPTOP-0U1MMVQH","pid":4732,"level":20,"msg":"Plugin loaded: \u001b[35mhexo-asset-image\u001b[39m","time":"2018-02-17T06:39:24.384Z","v":0}
{"name":"hexo","hostname":"LAPTOP-0U1MMVQH","pid":4732,"level":20,"msg":"Plugin loaded: \u001b[35mhexo-deployer-git\u001b[39m","time":"2018-02-17T06:39:24.444Z","v":0}
{"name":"hexo","hostname":"LAPTOP-0U1MMVQH","pid":4732,"level":20,"msg":"Plugin loaded: \u001b[35mhexo-fs\u001b[39m","time":"2018-02-17T06:39:24.458Z","v":0}
{"name":"hexo","hostname":"LAPTOP-0U1MMVQH","pid":4732,"level":20,"msg":"Plugin loaded: \u001b[35mhexo-generator-archive\u001b[39m","time":"2018-02-17T06:39:24.462Z","v":0}
{"name":"hexo","hostname":"LAPTOP-0U1MMVQH","pid":4732,"level":20,"msg":"Plugin loaded: \u001b[35mhexo-generator-category\u001b[39m","time":"2018-02-17T06:39:24.478Z","v":0}
{"name":"hexo","hostname":"LAPTOP-0U1MMVQH","pid":4732,"level":20,"msg":"Plugin loaded: \u001b[35mhexo-generator-feed\u001b[39m","time":"2018-02-17T06:39:24.492Z","v":0}
{"name":"hexo","hostname":"LAPTOP-0U1MMVQH","pid":4732,"level":20,"msg":"Plugin loaded: \u001b[35mhexo-generator-index\u001b[39m","time":"2018-02-17T06:39:24.496Z","v":0}
{"name":"hexo","hostname":"LAPTOP-0U1MMVQH","pid":4732,"level":20,"msg":"Plugin loaded: \u001b[35mhexo-generator-searchdb\u001b[39m","time":"2018-02-17T06:39:24.526Z","v":0}
{"name":"hexo","hostname":"LAPTOP-0U1MMVQH","pid":4732,"level":20,"msg":"Plugin loaded: \u001b[35mhexo-generator-tag\u001b[39m","time":"2018-02-17T06:39:24.528Z","v":0}
{"name":"hexo","hostname":"LAPTOP-0U1MMVQH","pid":4732,"level":20,"msg":"Plugin loaded: \u001b[35mhexo-inject\u001b[39m","time":"2018-02-17T06:39:25.035Z","v":0}
{"name":"hexo","hostname":"LAPTOP-0U1MMVQH","pid":4732,"level":20,"msg":"Plugin loaded: \u001b[35mhexo-renderer-ejs\u001b[39m","time":"2018-02-17T06:39:25.043Z","v":0}
{"name":"hexo","hostname":"LAPTOP-0U1MMVQH","pid":4732,"level":20,"msg":"Plugin loaded: \u001b[35mhexo-renderer-marked\u001b[39m","time":"2018-02-17T06:39:25.058Z","v":0}
{"name":"hexo","hostname":"LAPTOP-0U1MMVQH","pid":4732,"level":20,"msg":"Plugin loaded: \u001b[35mhexo-renderer-stylus\u001b[39m","time":"2018-02-17T06:39:25.060Z","v":0}
{"name":"hexo","hostname":"LAPTOP-0U1MMVQH","pid":4732,"level":20,"msg":"Plugin loaded: \u001b[35mhexo-server\u001b[39m","time":"2018-02-17T06:39:25.240Z","v":0}
{"name":"hexo","hostname":"LAPTOP-0U1MMVQH","pid":4732,"level":20,"msg":"Plugin loaded: \u001b[35mhexo-tag-aplayer\u001b[39m","time":"2018-02-17T06:39:25.426Z","v":0}
{"name":"hexo","hostname":"LAPTOP-0U1MMVQH","pid":4732,"level":20,"msg":"Plugin loaded: \u001b[35mhexo-wordcount\u001b[39m","time":"2018-02-17T06:39:25.525Z","v":0}
{"name":"hexo","hostname":"LAPTOP-0U1MMVQH","pid":4732,"level":20,"msg":"Script loaded: \u001b[35mthemes\\next\\scripts\\tags\\center-quote.js\u001b[39m","time":"2018-02-17T06:39:25.591Z","v":0}
{"name":"hexo","hostname":"LAPTOP-0U1MMVQH","pid":4732,"level":20,"msg":"Script loaded: \u001b[35mthemes\\next\\scripts\\merge-configs.js\u001b[39m","time":"2018-02-17T06:39:25.595Z","v":0}
{"name":"hexo","hostname":"LAPTOP-0U1MMVQH","pid":4732,"level":20,"msg":"Script loaded: \u001b[35mthemes\\next\\scripts\\tags\\button.js\u001b[39m","time":"2018-02-17T06:39:25.595Z","v":0}
{"name":"hexo","hostname":"LAPTOP-0U1MMVQH","pid":4732,"level":20,"msg":"Script loaded: \u001b[35mthemes\\next\\scripts\\tags\\exturl.js\u001b[39m","time":"2018-02-17T06:39:25.597Z","v":0}
{"name":"hexo","hostname":"LAPTOP-0U1MMVQH","pid":4732,"level":20,"msg":"Script loaded: \u001b[35mthemes\\next\\scripts\\tags\\full-image.js\u001b[39m","time":"2018-02-17T06:39:25.599Z","v":0}
{"name":"hexo","hostname":"LAPTOP-0U1MMVQH","pid":4732,"level":20,"msg":"Script loaded: \u001b[35mthemes\\next\\scripts\\tags\\label.js\u001b[39m","time":"2018-02-17T06:39:25.603Z","v":0}
{"name":"hexo","hostname":"LAPTOP-0U1MMVQH","pid":4732,"level":20,"msg":"Script loaded: \u001b[35mthemes\\next\\scripts\\tags\\group-pictures.js\u001b[39m","time":"2018-02-17T06:39:25.605Z","v":0}
{"name":"hexo","hostname":"LAPTOP-0U1MMVQH","pid":4732,"level":20,"msg":"Script loaded: \u001b[35mthemes\\next\\scripts\\merge.js\u001b[39m","time":"2018-02-17T06:39:25.609Z","v":0}
{"name":"hexo","hostname":"LAPTOP-0U1MMVQH","pid":4732,"level":20,"msg":"Script loaded: \u001b[35mthemes\\next\\scripts\\tags\\lazy-image.js\u001b[39m","time":"2018-02-17T06:39:25.610Z","v":0}
{"name":"hexo","hostname":"LAPTOP-0U1MMVQH","pid":4732,"level":20,"msg":"Script loaded: \u001b[35mthemes\\next\\scripts\\tags\\tabs.js\u001b[39m","time":"2018-02-17T06:39:25.610Z","v":0}
{"name":"hexo","hostname":"LAPTOP-0U1MMVQH","pid":4732,"level":20,"msg":"Script loaded: \u001b[35mthemes\\next\\scripts\\tags\\note.js\u001b[39m","time":"2018-02-17T06:39:25.612Z","v":0}
{"name":"hexo","hostname":"LAPTOP-0U1MMVQH","pid":4732,"level":20,"msg":"[hexo-inject] firing inject_ready","time":"2018-02-17T06:39:25.612Z","v":0}
{"name":"hexo","hostname":"LAPTOP-0U1MMVQH","pid":4732,"level":30,"msg":"Deleted database.","time":"2018-02-17T06:39:25.624Z","v":0}
{"name":"hexo","hostname":"LAPTOP-0U1MMVQH","pid":4732,"level":30,"msg":"Deleted public folder.","time":"2018-02-17T06:39:26.176Z","v":0}
{"name":"hexo","hostname":"LAPTOP-0U1MMVQH","pid":4732,"level":20,"msg":"Database saved","time":"2018-02-17T06:39:26.181Z","v":0}
